<?xml version="1.0" encoding="UTF-8"?>
<robot generator="Robot 7.3.2 (Python 3.13.7 on win32)" generated="2025-12-10T20:16:09.804182" rpa="false" schemaversion="5">
<suite id="s1" name="Tests" source="C:\kurssit\ohjelmistotuotanto\projekti\teka3003-lahdeviite-projekti\src\tests">
<suite id="s1-s1" name="Reference Manager" source="C:\kurssit\ohjelmistotuotanto\projekti\teka3003-lahdeviite-projekti\src\tests\reference_manager.robot">
<test id="s1-s1-t1" name="Add Single Book And Verify" line="6">
<kw name="Setup Database And ReferenceManager" owner="resource" type="SETUP">
<kw name="Setup Database" owner="ReferenceManagerLibrary">
<doc>Tyhjentää testitietokannan ja luo ReferenceManagerin</doc>
<status status="PASS" start="2025-12-10T20:16:09.912570" elapsed="0.077913"/>
</kw>
<status status="PASS" start="2025-12-10T20:16:09.910795" elapsed="0.080053"/>
</kw>
<kw name="Add Book To Database" owner="resource">
<kw name="Add Book" owner="ReferenceManagerLibrary">
<arg>${key}</arg>
<arg>${author}</arg>
<arg>${title}</arg>
<arg>${year}</arg>
<arg>${publisher}</arg>
<arg>${tags}</arg>
<doc>kirjan lisääminen</doc>
<status status="PASS" start="2025-12-10T20:16:09.992262" elapsed="0.023217"/>
</kw>
<arg>Martin09</arg>
<arg>Martin</arg>
<arg>Clean Code: A Handbook of Agile Software Craftsmanship</arg>
<arg>2008</arg>
<arg>Prentice Hall</arg>
<arg>Agile,Development</arg>
<status status="PASS" start="2025-12-10T20:16:09.991440" elapsed="0.024534"/>
</kw>
<kw name="Verify Reference In Database" owner="resource">
<kw name="Listaa" owner="ReferenceManagerLibrary">
<msg time="2025-12-10T20:16:10.019758" level="INFO">${listing} = Martin09</msg>
<var>${listing}</var>
<status status="PASS" start="2025-12-10T20:16:10.017488" elapsed="0.002370"/>
</kw>
<kw name="Should Contain" owner="BuiltIn">
<arg>${listing}</arg>
<arg>${key}</arg>
<doc>Fails if ``container`` does not contain ``item`` one or more times.</doc>
<status status="PASS" start="2025-12-10T20:16:10.020120" elapsed="0.000443"/>
</kw>
<arg>Martin09</arg>
<status status="PASS" start="2025-12-10T20:16:10.016713" elapsed="0.004004"/>
</kw>
<status status="PASS" start="2025-12-10T20:16:09.908927" elapsed="0.112022"/>
</test>
<test id="s1-s1-t2" name="Add Article And Verify" line="10">
<kw name="Setup Database And ReferenceManager" owner="resource" type="SETUP">
<kw name="Setup Database" owner="ReferenceManagerLibrary">
<doc>Tyhjentää testitietokannan ja luo ReferenceManagerin</doc>
<status status="PASS" start="2025-12-10T20:16:10.023664" elapsed="0.076661"/>
</kw>
<status status="PASS" start="2025-12-10T20:16:10.022895" elapsed="0.077728"/>
</kw>
<kw name="Add Article To Database" owner="resource">
<kw name="Add Article" owner="ReferenceManagerLibrary">
<arg>${key}</arg>
<arg>${author}</arg>
<arg>${title}</arg>
<arg>${journal}</arg>
<arg>${year}</arg>
<arg>${volume}</arg>
<arg>${pages}</arg>
<arg>${tags}</arg>
<doc>artikkelin lisääminen</doc>
<status status="PASS" start="2025-12-10T20:16:10.102447" elapsed="0.020416"/>
</kw>
<arg>CBH91</arg>
<arg>Allan Collins and John Seeley Brown and Ann Holum</arg>
<arg>Cognitive apprenticeship: making thinking visible</arg>
<arg>American Educator</arg>
<arg>1991</arg>
<arg>6</arg>
<arg>38--46</arg>
<status status="PASS" start="2025-12-10T20:16:10.101159" elapsed="0.022076"/>
</kw>
<kw name="Verify Reference In Database" owner="resource">
<kw name="Listaa" owner="ReferenceManagerLibrary">
<msg time="2025-12-10T20:16:10.126559" level="INFO">${listing} = CBH91</msg>
<var>${listing}</var>
<status status="PASS" start="2025-12-10T20:16:10.124516" elapsed="0.002131"/>
</kw>
<kw name="Should Contain" owner="BuiltIn">
<arg>${listing}</arg>
<arg>${key}</arg>
<doc>Fails if ``container`` does not contain ``item`` one or more times.</doc>
<status status="PASS" start="2025-12-10T20:16:10.127155" elapsed="0.000760"/>
</kw>
<arg>CBH91</arg>
<status status="PASS" start="2025-12-10T20:16:10.123869" elapsed="0.004336"/>
</kw>
<status status="PASS" start="2025-12-10T20:16:10.021623" elapsed="0.106834"/>
</test>
<test id="s1-s1-t3" name="Add Inproceeding And Verify" line="14">
<kw name="Setup Database And ReferenceManager" owner="resource" type="SETUP">
<kw name="Setup Database" owner="ReferenceManagerLibrary">
<doc>Tyhjentää testitietokannan ja luo ReferenceManagerin</doc>
<status status="PASS" start="2025-12-10T20:16:10.132673" elapsed="0.073294"/>
</kw>
<status status="PASS" start="2025-12-10T20:16:10.130855" elapsed="0.075411"/>
</kw>
<kw name="Add Inproceeding To Database" owner="resource">
<kw name="Add Inproceeding" owner="ReferenceManagerLibrary">
<arg>${key}</arg>
<arg>${author}</arg>
<arg>${title}</arg>
<arg>${year}</arg>
<arg>${booktitle}</arg>
<arg>${tags}</arg>
<doc>inproceedings lisääminen</doc>
<status status="PASS" start="2025-12-10T20:16:10.208029" elapsed="0.018878"/>
</kw>
<arg>VPL11</arg>
<arg>Vihavainen, Arto and Paksula, Matti and Luukkainen, Matti</arg>
<arg>Extreme Apprenticeship Method in Teaching Programming for Beginners</arg>
<arg>2011</arg>
<arg>SIGCSE</arg>
<arg>Eeppinen,klassikko</arg>
<status status="PASS" start="2025-12-10T20:16:10.206793" elapsed="0.020463"/>
</kw>
<kw name="Verify Reference In Database" owner="resource">
<kw name="Listaa" owner="ReferenceManagerLibrary">
<msg time="2025-12-10T20:16:10.230618" level="INFO">${listing} = VPL11</msg>
<var>${listing}</var>
<status status="PASS" start="2025-12-10T20:16:10.228577" elapsed="0.002122"/>
</kw>
<kw name="Should Contain" owner="BuiltIn">
<arg>${listing}</arg>
<arg>${key}</arg>
<doc>Fails if ``container`` does not contain ``item`` one or more times.</doc>
<status status="PASS" start="2025-12-10T20:16:10.230991" elapsed="0.000396"/>
</kw>
<arg>VPL11</arg>
<status status="PASS" start="2025-12-10T20:16:10.227844" elapsed="0.003694"/>
</kw>
<status status="PASS" start="2025-12-10T20:16:10.129239" elapsed="0.102528"/>
</test>
<test id="s1-s1-t4" name="List Shows Multiple References" line="18">
<kw name="Setup Database And ReferenceManager" owner="resource" type="SETUP">
<kw name="Setup Database" owner="ReferenceManagerLibrary">
<doc>Tyhjentää testitietokannan ja luo ReferenceManagerin</doc>
<status status="PASS" start="2025-12-10T20:16:10.234150" elapsed="0.071146"/>
</kw>
<status status="PASS" start="2025-12-10T20:16:10.233386" elapsed="0.072446"/>
</kw>
<kw name="Add Book To Database" owner="resource">
<kw name="Add Book" owner="ReferenceManagerLibrary">
<arg>${key}</arg>
<arg>${author}</arg>
<arg>${title}</arg>
<arg>${year}</arg>
<arg>${publisher}</arg>
<arg>${tags}</arg>
<doc>kirjan lisääminen</doc>
<status status="PASS" start="2025-12-10T20:16:10.308479" elapsed="0.024928"/>
</kw>
<arg>Martin09</arg>
<arg>Martin</arg>
<arg>Clean Code: A Handbook of Agile Software Craftsmanship</arg>
<arg>2008</arg>
<arg>Prentice Hall</arg>
<arg>Agile,Development</arg>
<status status="PASS" start="2025-12-10T20:16:10.306732" elapsed="0.027295"/>
</kw>
<kw name="Add Article To Database" owner="resource">
<kw name="Add Article" owner="ReferenceManagerLibrary">
<arg>${key}</arg>
<arg>${author}</arg>
<arg>${title}</arg>
<arg>${journal}</arg>
<arg>${year}</arg>
<arg>${volume}</arg>
<arg>${pages}</arg>
<arg>${tags}</arg>
<doc>artikkelin lisääminen</doc>
<status status="PASS" start="2025-12-10T20:16:10.336677" elapsed="0.029055"/>
</kw>
<arg>CBH91</arg>
<arg>Allan Collins and John Seeley Brown and Ann Holum</arg>
<arg>Cognitive apprenticeship: making thinking visible</arg>
<arg>American Educator</arg>
<arg>1991</arg>
<arg>6</arg>
<arg>38--46</arg>
<status status="PASS" start="2025-12-10T20:16:10.335243" elapsed="0.031266"/>
</kw>
<kw name="Add Inproceeding To Database" owner="resource">
<kw name="Add Inproceeding" owner="ReferenceManagerLibrary">
<arg>${key}</arg>
<arg>${author}</arg>
<arg>${title}</arg>
<arg>${year}</arg>
<arg>${booktitle}</arg>
<arg>${tags}</arg>
<doc>inproceedings lisääminen</doc>
<status status="PASS" start="2025-12-10T20:16:10.368954" elapsed="0.027147"/>
</kw>
<arg>VPL11</arg>
<arg>Vihavainen, Arto and Paksula, Matti and Luukkainen, Matti</arg>
<arg>Extreme Apprenticeship Method in Teaching Programming for Beginners</arg>
<arg>2011</arg>
<arg>SIGCSE</arg>
<arg>Eeppinen,klassikko</arg>
<status status="PASS" start="2025-12-10T20:16:10.367591" elapsed="0.029090"/>
</kw>
<kw name="Verify Reference In Database" owner="resource">
<kw name="Listaa" owner="ReferenceManagerLibrary">
<msg time="2025-12-10T20:16:10.406006" level="INFO">${listing} = Martin09 CBH91 VPL11</msg>
<var>${listing}</var>
<status status="PASS" start="2025-12-10T20:16:10.400240" elapsed="0.005910"/>
</kw>
<kw name="Should Contain" owner="BuiltIn">
<arg>${listing}</arg>
<arg>${key}</arg>
<doc>Fails if ``container`` does not contain ``item`` one or more times.</doc>
<status status="PASS" start="2025-12-10T20:16:10.406600" elapsed="0.000739"/>
</kw>
<arg>CBH91</arg>
<status status="PASS" start="2025-12-10T20:16:10.398507" elapsed="0.009090"/>
</kw>
<status status="PASS" start="2025-12-10T20:16:10.232237" elapsed="0.175721"/>
</test>
<test id="s1-s1-t5" name="Export Book To BibTeX" line="25">
<kw name="Setup Database And ReferenceManager" owner="resource" type="SETUP">
<kw name="Setup Database" owner="ReferenceManagerLibrary">
<doc>Tyhjentää testitietokannan ja luo ReferenceManagerin</doc>
<status status="PASS" start="2025-12-10T20:16:10.414234" elapsed="0.111755"/>
</kw>
<status status="PASS" start="2025-12-10T20:16:10.411468" elapsed="0.115078"/>
</kw>
<kw name="Add Book" owner="ReferenceManagerLibrary">
<arg>Martin09</arg>
<arg>Martin</arg>
<arg>Clean Code: A Handbook of Agile Software Craftsmanship</arg>
<arg>2008</arg>
<arg>Prentice Hall</arg>
<arg>Agile,Development</arg>
<doc>kirjan lisääminen</doc>
<status status="PASS" start="2025-12-10T20:16:10.530155" elapsed="0.032742"/>
</kw>
<kw name="Export Bibtex File" owner="ReferenceManagerLibrary">
<doc>Vie viitteet BibTeX-tiedostoon</doc>
<status status="PASS" start="2025-12-10T20:16:10.563857" elapsed="0.010163"/>
</kw>
<kw name="Bib File Should Exist" owner="ReferenceManagerLibrary">
<doc>Tarkistaa että BibTeX-tiedosto on luotu</doc>
<status status="PASS" start="2025-12-10T20:16:10.574906" elapsed="0.000982"/>
</kw>
<kw name="Bib File Should Contain" owner="ReferenceManagerLibrary">
<arg>@book{Martin09,</arg>
<doc>Tarkistaa että teksti löytyy BibTeX-tiedostosta</doc>
<status status="PASS" start="2025-12-10T20:16:10.576620" elapsed="0.005162"/>
</kw>
<status status="PASS" start="2025-12-10T20:16:10.408921" elapsed="0.173808"/>
</test>
<status status="PASS" start="2025-12-10T20:16:09.871663" elapsed="0.714131"/>
</suite>
<status status="PASS" start="2025-12-10T20:16:09.807800" elapsed="0.781011"/>
</suite>
<statistics>
<total>
<stat pass="5" fail="0" skip="0">All Tests</stat>
</total>
<tag>
</tag>
<suite>
<stat name="Tests" id="s1" pass="5" fail="0" skip="0">Tests</stat>
<stat name="Reference Manager" id="s1-s1" pass="5" fail="0" skip="0">Tests.Reference Manager</stat>
</suite>
</statistics>
<errors>
</errors>
</robot>
